<?xml version="1.0" encoding="UTF-8"?>
<!-- Generated by org.testng.reporters.JUnitXMLReporter -->
<testsuite ignored="1" hostname="sangeeth-l4hj" failures="3" tests="4" name="Test" time="30.691" errors="0" timestamp="2023-04-28T12:51:13 UTC">
  <testcase classname="com.amazon.testcases.SearchProductTest" name="VerifySearchProduct" time="3.638">
    <failure type="java.lang.AssertionError" message="expected [APPLE WATCH 2021] but found [Apple Watch SE (2nd Gen) [GPS 44 mm] Smart Watch w/Starlight Aluminium Case &amp;amp; Starlight Sport Band. Fitness &amp;amp; Sleep Tracker, Crash Detection, Heart Rate Monitor, Retina Display, Water Resistant
553
Limited time deal
₹29,900 M.R.P:
₹32,900 (9% off)
Flat INR 2000 Off on HDFC BankCards
FREE Delivery by Amazon]">
      <![CDATA[java.lang.AssertionError: expected [APPLE WATCH 2021] but found [Apple Watch SE (2nd Gen) [GPS 44 mm] Smart Watch w/Starlight Aluminium Case & Starlight Sport Band. Fitness & Sleep Tracker, Crash Detection, Heart Rate Monitor, Retina Display, Water Resistant
553
Limited time deal
₹29,900 M.R.P:
₹32,900 (9% off)
Flat INR 2000 Off on HDFC BankCards
FREE Delivery by Amazon]
at com.amazon.testcases.SearchProductTest.VerifySearchProduct(SearchProductTest.java:32)
at java.base/java.util.ArrayList.forEach(ArrayList.java:1511)
... Removed 33 stack frames]]>
    </failure>
  </testcase> <!-- VerifySearchProduct -->
  <testcase classname="com.amazon.testcases.SearchProductTest" name="VerifySearchProduct" time="4.491">
    <failure type="java.lang.AssertionError" message="expected [APPLE WATCH 2021] but found [Best seller
Palazzo Study Table/Bed Table/Foldable and Portable Wooden/Writing Desk for Office/Home/School (Black)
295
₹399
₹799 (50% off)
Get it by Tuesday, 2 May]">
      <![CDATA[java.lang.AssertionError: expected [APPLE WATCH 2021] but found [Best seller
Palazzo Study Table/Bed Table/Foldable and Portable Wooden/Writing Desk for Office/Home/School (Black)
295
₹399
₹799 (50% off)
Get it by Tuesday, 2 May]
at com.amazon.testcases.SearchProductTest.VerifySearchProduct(SearchProductTest.java:32)
at java.base/java.util.ArrayList.forEach(ArrayList.java:1511)
... Removed 33 stack frames]]>
    </failure>
  </testcase> <!-- VerifySearchProduct -->
  <testcase classname="com.amazon.testcases.SearchProductTest" name="VerifySearchProduct" time="3.84">
    <failure type="java.lang.AssertionError" message="expected [APPLE WATCH 2021] but found [Best seller
Amazon Pay eGift Card
178,111
₹10-
₹10,000]">
      <![CDATA[java.lang.AssertionError: expected [APPLE WATCH 2021] but found [Best seller
Amazon Pay eGift Card
178,111
₹10-
₹10,000]
at com.amazon.testcases.SearchProductTest.VerifySearchProduct(SearchProductTest.java:32)
at java.base/java.util.ArrayList.forEach(ArrayList.java:1511)
... Removed 33 stack frames]]>
    </failure>
  </testcase> <!-- VerifySearchProduct -->
  <testcase classname="com.amazon.testcases.TestExcelSheet" name="readTestData" time="0.035"/>
  <testcase classname="com.amazon.testcases.TestExcelSheet" name="verifyExcelUtility" time="0.0">
    <ignored/>
  </testcase> <!-- verifyExcelUtility -->
</testsuite> <!-- Test -->
