<?xml version="1.0" encoding="UTF-8"?>
<!-- Generated by org.testng.reporters.JUnitXMLReporter -->
<testsuite ignored="1" hostname="sangeeth-l4hj" failures="3" tests="4" name="Test" time="30.414" errors="0" timestamp="2023-04-28T13:06:11 UTC">
  <testcase classname="com.amazon.testcases.SearchProductTest" name="VerifySearchProduct" time="4.977">
    <failure type="java.lang.AssertionError" message="expected [APPLE WATCH 2021] but found [Sponsored
Apple Watch Ultra [GPS + Cellular 49 mm] Smart Watch w/Rugged Titanium Case &amp;amp; Midnight Ocean Band. Fitness Tracker, Precision GPS, Action Button, Extra-Long BatteryLife, Brighter Retina Display
119
₹82,599 M.R.P:
₹89,900 (8% off)
Flat INR 4000 Off on HDFC BankCards
Get it by Thursday, 4 May
FREE Delivery by Amazon]">
      <![CDATA[java.lang.AssertionError: expected [APPLE WATCH 2021] but found [Sponsored
Apple Watch Ultra [GPS + Cellular 49 mm] Smart Watch w/Rugged Titanium Case & Midnight Ocean Band. Fitness Tracker, Precision GPS, Action Button, Extra-Long BatteryLife, Brighter Retina Display
119
₹82,599 M.R.P:
₹89,900 (8% off)
Flat INR 4000 Off on HDFC BankCards
Get it by Thursday, 4 May
FREE Delivery by Amazon]
at com.amazon.testcases.SearchProductTest.VerifySearchProduct(SearchProductTest.java:32)
at java.base/java.util.ArrayList.forEach(ArrayList.java:1511)
... Removed 37 stack frames]]>
    </failure>
  </testcase> <!-- VerifySearchProduct -->
  <testcase classname="com.amazon.testcases.SearchProductTest" name="VerifySearchProduct" time="4.331">
    <failure type="java.lang.AssertionError" message="expected [APPLE WATCH 2021] but found [Best seller
Palazzo Study Table/Bed Table/Foldable and Portable Wooden/Writing Desk for Office/Home/School (Black)
295
₹399 M.R.P:
₹799 (50% off)
Get it by Tuesday, 2 May]">
      <![CDATA[java.lang.AssertionError: expected [APPLE WATCH 2021] but found [Best seller
Palazzo Study Table/Bed Table/Foldable and Portable Wooden/Writing Desk for Office/Home/School (Black)
295
₹399 M.R.P:
₹799 (50% off)
Get it by Tuesday, 2 May]
at com.amazon.testcases.SearchProductTest.VerifySearchProduct(SearchProductTest.java:32)
at java.base/java.util.ArrayList.forEach(ArrayList.java:1511)
... Removed 37 stack frames]]>
    </failure>
  </testcase> <!-- VerifySearchProduct -->
  <testcase classname="com.amazon.testcases.SearchProductTest" name="VerifySearchProduct" time="3.727">
    <failure type="java.lang.AssertionError" message="expected [APPLE WATCH 2021] but found [Best seller
Amazon Pay eGift Card
178,146
₹10-
₹10,000]">
      <![CDATA[java.lang.AssertionError: expected [APPLE WATCH 2021] but found [Best seller
Amazon Pay eGift Card
178,146
₹10-
₹10,000]
at com.amazon.testcases.SearchProductTest.VerifySearchProduct(SearchProductTest.java:32)
at java.base/java.util.ArrayList.forEach(ArrayList.java:1511)
... Removed 37 stack frames]]>
    </failure>
  </testcase> <!-- VerifySearchProduct -->
  <testcase classname="com.amazon.testcases.TestExcelSheet" name="readTestData" time="0.029"/>
  <testcase classname="com.amazon.testcases.TestExcelSheet" name="verifyExcelUtility" time="0.0">
    <ignored/>
  </testcase> <!-- verifyExcelUtility -->
</testsuite> <!-- Test -->
